<?xml version="1.0" encoding="UTF-8"?>
<!-- Generated by org.testng.reporters.JUnitReportReporter -->
<testsuite hostname="Jigars-MacBook-Pro.local" failures="0" tests="1" name="sauceLabIntegration.SauceLabs" time="34.861" errors="0" timestamp="30 Apr 2019 17:19:55 GMT" skipped="0">
  <testcase classname="sauceLabIntegration.SauceLabs" name="shouldOpenSafari" time="34.861"/>
</testsuite> <!-- sauceLabIntegration.SauceLabs -->
